Job ID: 7737092
Array task: 0 / 5
Start time: Fri May  1 11:18:19 EDT 2026
Node: gh105
GPU: 0
Found 103 config(s) to process.

============================================================
Config 1/103: D22RYC5Z58coDhr9Wc6PXqz
============================================================
  [A] cached
      f_B = 0.00452678
      K_theta_avg = 7.976e+06  -> K_theta >= 0
  [B] cached
      f_B = 0.468717
  fB_A=0.004527  fB_B=0.4687

  [C_sparse_dipole]  objective=f_l1_Phi
    i=0: cached, skipping.
    i=1: cached, skipping.
    i=2: cached, skipping.
    i=3: cached, skipping.
    i=4: cached, skipping.

  [D_thin_dipole]  objective=f_max_Phi
    i=0: cached, skipping.
    i=1: cached, skipping.
    i=2: cached, skipping.
    i=3: cached, skipping.
    i=4: cached, skipping.

  [F_low_max_force_dipole]  objective=f_max_force_cyl
    i=0: cached, skipping.
    i=1: cached, skipping.
    i=2: cached, skipping.
    i=3: cached, skipping.
    i=4: cached, skipping.

  [I_low_curvature_filament]  objective=f_max_K_dot_grad_K_cyl
    i=0: cached, skipping.
    i=1: cached, skipping.
    i=2: cached, skipping.
    i=3: cached, skipping.
    i=4: cached, skipping.

  [K_low_max_force_filament]  objective=f_max_force_cyl
    i=0: cached, skipping.
    i=1: cached, skipping.
    i=2: cached, skipping.
    i=3: cached, skipping.
    i=4: cached, skipping.

============================================================
Config 2/103: D2AEiukXNrV8k7a4774X7vr
============================================================
  [A] cached
      f_B = 2.98896e-06
      K_theta_avg = 5.544e+06  -> K_theta >= 0
  [B] cached
      f_B = 0.0438421
  fB_A=2.989e-06  fB_B=0.04384

  [C_sparse_dipole]  objective=f_l1_Phi
    i=0: cached, skipping.
    i=1: cached, skipping.
    i=2: cached, skipping.
    i=3: cached, skipping.
    i=4: cached, skipping.

  [D_thin_dipole]  objective=f_max_Phi
    i=0: cached, skipping.
    i=1: cached, skipping.
    i=2: cached, skipping.
    i=3: cached, skipping.
    i=4: cached, skipping.

  [F_low_max_force_dipole]  objective=f_max_force_cyl
    i=0: cached, skipping.
    i=1: cached, skipping.
    i=2: cached, skipping.
    i=3: cached, skipping.
    i=4: cached, skipping.

  [I_low_curvature_filament]  objective=f_max_K_dot_grad_K_cyl
    i=0: cached, skipping.
    i=1: cached, skipping.
    i=2: cached, skipping.
    i=3: cached, skipping.
    i=4: cached, skipping.

  [K_low_max_force_filament]  objective=f_max_force_cyl
    i=0: cached, skipping.
    i=1: cached, skipping.
    i=2: cached, skipping.
    i=3: cached, skipping.
    i=4: cached, skipping.

============================================================
Config 3/103: D2ivU4y6AGcuVbbxaqaC4Ag
============================================================
  [A] cached
      f_B = 1.58712e-05
      K_theta_avg = 6.192e+06  -> K_theta >= 0
  [B] cached
      f_B = 0.0318038
  fB_A=1.587e-05  fB_B=0.0318

  [C_sparse_dipole]  objective=f_l1_Phi
    i=0: cached, skipping.
    i=1: cached, skipping.
    i=2: cached, skipping.
    i=3: cached, skipping.
    i=4: cached, skipping.

  [D_thin_dipole]  objective=f_max_Phi
    i=0: cached, skipping.
    i=1: cached, skipping.
    i=2: cached, skipping.
    i=3: cached, skipping.
    i=4: cached, skipping.

  [F_low_max_force_dipole]  objective=f_max_force_cyl
    i=0: cached, skipping.
    i=1: cached, skipping.
    i=2: cached, skipping.
    i=3: cached, skipping.
    i=4: cached, skipping.

  [I_low_curvature_filament]  objective=f_max_K_dot_grad_K_cyl
    i=0: cached, skipping.
    i=1: cached, skipping.
    i=2: cached, skipping.
    i=3: cached, skipping.
    i=4: cached, skipping.

  [K_low_max_force_filament]  objective=f_max_force_cyl
    i=0: cached, skipping.
    i=1: cached, skipping.
    i=2: cached, skipping.
    i=3: cached, skipping.
    i=4: cached, skipping.

============================================================
Config 4/103: D32xDLGvvLyD5VnQpwuwSrk
============================================================
  [A] cached
      f_B = 0.000822662
      K_theta_avg = 5.611e+06  -> K_theta >= 0
  [B] cached
      f_B = 0.0658878
  fB_A=0.0008227  fB_B=0.06589

  [C_sparse_dipole]  objective=f_l1_Phi
    i=0: cached, skipping.
    i=1: cached, skipping.
    i=2: cached, skipping.
    i=3: cached, skipping.
    i=4: cached, skipping.

  [D_thin_dipole]  objective=f_max_Phi
    i=0: cached, skipping.
    i=1: cached, skipping.
    i=2: cached, skipping.
    i=3: cached, skipping.
    i=4: cached, skipping.

  [F_low_max_force_dipole]  objective=f_max_force_cyl
    i=0: cached, skipping.
    i=1: cached, skipping.
    i=2: cached, skipping.
    i=3: cached, skipping.
    i=4: cached, skipping.

  [I_low_curvature_filament]  objective=f_max_K_dot_grad_K_cyl
    i=0: cached, skipping.
    i=1: cached, skipping.
    i=2: cached, skipping.
    i=3: cached, skipping.
    i=4: cached, skipping.

  [K_low_max_force_filament]  objective=f_max_force_cyl
    i=0: cached, skipping.
    i=1: cached, skipping.
    i=2: cached, skipping.
    i=3: cached, skipping.
    i=4: cached, skipping.

============================================================
Config 5/103: D3SwmymKBgnyZRGzS44XYKZ
============================================================
  [A] cached
      f_B = 0.0100373
      K_theta_avg = 6.05e+06  -> K_theta >= 0
  [B] cached
      f_B = 0.213533
  fB_A=0.01004  fB_B=0.2135

  [C_sparse_dipole]  objective=f_l1_Phi
    i=0: cached, skipping.
    i=1: cached, skipping.
    i=2: cached, skipping.
    i=3: cached, skipping.
    i=4: cached, skipping.

  [D_thin_dipole]  objective=f_max_Phi
    i=0: cached, skipping.
    i=1: cached, skipping.
    i=2: cached, skipping.
    i=3: cached, skipping.
    i=4: cached, skipping.

  [F_low_max_force_dipole]  objective=f_max_force_cyl
    i=0: cached, skipping.
    i=1: cached, skipping.
    i=2: cached, skipping.
    i=3: cached, skipping.
    i=4: cached, skipping.

  [I_low_curvature_filament]  objective=f_max_K_dot_grad_K_cyl
    i=0: cached, skipping.
    i=1: cached, skipping.
    i=2: cached, skipping.
    i=3: cached, skipping.
    i=4: cached, skipping.

  [K_low_max_force_filament]  objective=f_max_force_cyl
    i=0: cached, skipping.
    i=1: cached, skipping.
    i=2: cached, skipping.
    i=3: cached, skipping.
    i=4: cached, skipping.

============================================================
Config 6/103: D3iZKBgG4cmRRmyNWjtnYdc
============================================================
  [A] cached
      f_B = 4.54502e-05
      K_theta_avg = 7.287e+06  -> K_theta >= 0
  [B] cached
      f_B = 0.0541045
  fB_A=4.545e-05  fB_B=0.0541

  [C_sparse_dipole]  objective=f_l1_Phi
    i=0: cached, skipping.
    i=1: cached, skipping.
    i=2: cached, skipping.
    i=3: cached, skipping.
    i=4: cached, skipping.

  [D_thin_dipole]  objective=f_max_Phi
    i=0: cached, skipping.
    i=1: cached, skipping.
    i=2: cached, skipping.
    i=3: cached, skipping.
    i=4: cached, skipping.

  [F_low_max_force_dipole]  objective=f_max_force_cyl
    i=0: cached, skipping.
    i=1: cached, skipping.
    i=2: cached, skipping.
    i=3: cached, skipping.
    i=4: cached, skipping.

  [I_low_curvature_filament]  objective=f_max_K_dot_grad_K_cyl
    i=0: cached, skipping.
    i=1: cached, skipping.
    i=2: cached, skipping.
    i=3: cached, skipping.
    i=4: cached, skipping.

  [K_low_max_force_filament]  objective=f_max_force_cyl
    i=0: cached, skipping.
    i=1: cached, skipping.
    i=2: cached, skipping.
    i=3: cached, skipping.
    i=4: cached, skipping.

============================================================
Config 7/103: D3zWnFVA8gH4UyAuk3qLuKd
============================================================
  [A] cached
      f_B = 0.000196892
      K_theta_avg = 5.603e+06  -> K_theta >= 0
  [B] cached
      f_B = 0.060738
  fB_A=0.0001969  fB_B=0.06074

  [C_sparse_dipole]  objective=f_l1_Phi
    i=0: cached, skipping.
    i=1: cached, skipping.
    i=2: cached, skipping.
    i=3: cached, skipping.
    i=4: cached, skipping.

  [D_thin_dipole]  objective=f_max_Phi
    i=0: cached, skipping.
    i=1: cached, skipping.
    i=2: cached, skipping.
    i=3: cached, skipping.
    i=4: cached, skipping.

  [F_low_max_force_dipole]  objective=f_max_force_cyl
    i=0: cached, skipping.
    i=1: cached, skipping.
    i=2: cached, skipping.
    i=3: cached, skipping.
    i=4: cached, skipping.

  [I_low_curvature_filament]  objective=f_max_K_dot_grad_K_cyl
    i=0: cached, skipping.
    i=1: cached, skipping.
    i=2: cached, skipping.
    i=3: cached, skipping.
    i=4: cached, skipping.

  [K_low_max_force_filament]  objective=f_max_force_cyl
    i=0: cached, skipping.
    i=1: cached, skipping.
    i=2: cached, skipping.
    i=3: cached, skipping.
    i=4: cached, skipping.

============================================================
Config 8/103: D4SzFtF3PVCivvwM4pim7bE
============================================================
  [A] cached
      f_B = 0.00196412
      K_theta_avg = 6.41e+06  -> K_theta >= 0
  [B] cached
      f_B = 0.117497
  fB_A=0.001964  fB_B=0.1175

  [C_sparse_dipole]  objective=f_l1_Phi
    i=0: cached, skipping.
    i=1: cached, skipping.
    i=2: cached, skipping.
    i=3: cached, skipping.
    i=4: cached, skipping.

  [D_thin_dipole]  objective=f_max_Phi
    i=0: cached, skipping.
    i=1: cached, skipping.
    i=2: cached, skipping.
    i=3: cached, skipping.
    i=4: cached, skipping.

  [F_low_max_force_dipole]  objective=f_max_force_cyl
    i=0: cached, skipping.
    i=1: cached, skipping.
    i=2: cached, skipping.
    i=3: cached, skipping.
    i=4: cached, skipping.

  [I_low_curvature_filament]  objective=f_max_K_dot_grad_K_cyl
    i=0: cached, skipping.
    i=1: cached, skipping.
    i=2: cached, skipping.
    i=3: cached, skipping.
    i=4: cached, skipping.

  [K_low_max_force_filament]  objective=f_max_force_cyl
    i=0: cached, skipping.
    i=1: cached, skipping.
    i=2: cached, skipping.
    i=3: cached, skipping.
    i=4: cached, skipping.

============================================================
Config 9/103: D4sqXPhYQnVkcNAxxeDQaBj
============================================================
  [A] cached
      f_B = 0.0744457
      K_theta_avg = 8.069e+06  -> K_theta >= 0
  [B] cached
      f_B = 1.0116
  fB_A=0.07445  fB_B=1.012

  [C_sparse_dipole]  objective=f_l1_Phi
    i=0: cached, skipping.
    i=1: cached, skipping.
    i=2: cached, skipping.
    i=3: cached, skipping.
    i=4: cached, skipping.

  [D_thin_dipole]  objective=f_max_Phi
    i=0: cached, skipping.
    i=1: cached, skipping.
    i=2: cached, skipping.
    i=3: cached, skipping.
    i=4: cached, skipping.

  [F_low_max_force_dipole]  objective=f_max_force_cyl
    i=0: cached, skipping.
    i=1: cached, skipping.
    i=2: cached, skipping.
    i=3: cached, skipping.
    i=4: cached, skipping.

  [I_low_curvature_filament]  objective=f_max_K_dot_grad_K_cyl
    i=0: cached, skipping.
    i=1: cached, skipping.
    i=2: cached, skipping.
    i=3: cached, skipping.
    i=4: cached, skipping.

  [K_low_max_force_filament]  objective=f_max_force_cyl
    i=0: cached, skipping.
    i=1: cached, skipping.
    i=2: cached, skipping.
    i=3: cached, skipping.
    i=4: cached, skipping.

============================================================
Config 10/103: D5HWcKY4MAqah7jJGvsnKuv
============================================================
  [A] cached
      f_B = 3.03445e-05
      K_theta_avg = 5.69e+06  -> K_theta >= 0
  [B] cached
      f_B = 0.039336
  fB_A=3.034e-05  fB_B=0.03934

  [C_sparse_dipole]  objective=f_l1_Phi
    i=0: cached, skipping.
    i=1: cached, skipping.
    i=2: cached, skipping.
    i=3: cached, skipping.
    i=4: cached, skipping.

  [D_thin_dipole]  objective=f_max_Phi
    i=0: cached, skipping.
    i=1: cached, skipping.
    i=2: cached, skipping.
    i=3: cached, skipping.
    i=4: cached, skipping.

  [F_low_max_force_dipole]  objective=f_max_force_cyl
    i=0: cached, skipping.
    i=1: cached, skipping.
    i=2: cached, skipping.
    i=3: cached, skipping.
    i=4: cached, skipping.

  [I_low_curvature_filament]  objective=f_max_K_dot_grad_K_cyl
    i=0: cached, skipping.
    i=1: cached, skipping.
    i=2: cached, skipping.
    i=3: cached, skipping.
    i=4: cached, skipping.

  [K_low_max_force_filament]  objective=f_max_force_cyl
    i=0: cached, skipping.
    i=1: cached, skipping.
    i=2: cached, skipping.
    i=3: cached, skipping.
    i=4: cached, skipping.

============================================================
Config 11/103: D5Zpp3bAMs7mALazAfKPPbK
============================================================
  [A] cached
      f_B = 0.000266436
      K_theta_avg = 5.965e+06  -> K_theta >= 0
  [B] cached
      f_B = 0.0400765
  fB_A=0.0002664  fB_B=0.04008

  [C_sparse_dipole]  objective=f_l1_Phi
    i=0: cached, skipping.
    i=1: cached, skipping.
    i=2: cached, skipping.
    i=3: cached, skipping.
    i=4: cached, skipping.

  [D_thin_dipole]  objective=f_max_Phi
    i=0: cached, skipping.
    i=1: cached, skipping.
    i=2: cached, skipping.
    i=3: cached, skipping.
    i=4: cached, skipping.

  [F_low_max_force_dipole]  objective=f_max_force_cyl
    i=0: cached, skipping.
    i=1: cached, skipping.
    i=2: cached, skipping.
    i=3: cached, skipping.
    i=4: cached, skipping.

  [I_low_curvature_filament]  objective=f_max_K_dot_grad_K_cyl
    i=0: cached, skipping.
    i=1: cached, skipping.
    i=2: cached, skipping.
    i=3: cached, skipping.
    i=4: cached, skipping.

  [K_low_max_force_filament]  objective=f_max_force_cyl
    i=0: cached, skipping.
    i=1: cached, skipping.
    i=2: cached, skipping.
    i=3: cached, skipping.
    i=4: cached, skipping.

============================================================
Config 12/103: D66faU7HdwzJjTCWKnybGsd
============================================================
  [A] cached
      f_B = 0.0352813
      K_theta_avg = 8.616e+06  -> K_theta >= 0
  [B] cached
      f_B = 0.998383
  fB_A=0.03528  fB_B=0.9984

  [C_sparse_dipole]  objective=f_l1_Phi
    i=0: cached, skipping.
    i=1: cached, skipping.
    i=2: cached, skipping.
    i=3: cached, skipping.
    i=4: cached, skipping.

  [D_thin_dipole]  objective=f_max_Phi
    i=0: cached, skipping.
    i=1: cached, skipping.
    i=2: cached, skipping.
    i=3: cached, skipping.
    i=4: cached, skipping.

  [F_low_max_force_dipole]  objective=f_max_force_cyl
    i=0: cached, skipping.
    i=1: cached, skipping.
    i=2: cached, skipping.
    i=3: cached, skipping.
    i=4: cached, skipping.

  [I_low_curvature_filament]  objective=f_max_K_dot_grad_K_cyl
    i=0: cached, skipping.
    i=1: cached, skipping.
    i=2: cached, skipping.
    i=3: cached, skipping.
    i=4: cached, skipping.

  [K_low_max_force_filament]  objective=f_max_force_cyl
    i=0: cached, skipping.
    i=1: cached, skipping.
    i=2: cached, skipping.
    i=3: cached, skipping.
    i=4: cached, skipping.

============================================================
Config 13/103: D6XS8zsLuorgnBFgUkQsXBf
============================================================
  [A] cached
      f_B = 8.37298e-05
      K_theta_avg = 5.803e+06  -> K_theta >= 0
  [B] cached
      f_B = 0.0790585
  fB_A=8.373e-05  fB_B=0.07906

  [C_sparse_dipole]  objective=f_l1_Phi
    i=0: cached, skipping.
    i=1: cached, skipping.
    i=2: cached, skipping.
    i=3: cached, skipping.
    i=4: cached, skipping.

  [D_thin_dipole]  objective=f_max_Phi
    i=0: cached, skipping.
    i=1: cached, skipping.
    i=2: cached, skipping.
    i=3: cached, skipping.
    i=4: cached, skipping.

  [F_low_max_force_dipole]  objective=f_max_force_cyl
    i=0: cached, skipping.
    i=1: cached, skipping.
    i=2: cached, skipping.
    i=3: cached, skipping.
    i=4: cached, skipping.

  [I_low_curvature_filament]  objective=f_max_K_dot_grad_K_cyl
    i=0: cached, skipping.
    i=1: cached, skipping.
    i=2: cached, skipping.
    i=3: cached, skipping.
    i=4: cached, skipping.

  [K_low_max_force_filament]  objective=f_max_force_cyl
    i=0: cached, skipping.
    i=1: cached, skipping.
    i=2: cached, skipping.
    i=3: cached, skipping.
    i=4: cached, skipping.

============================================================
Config 14/103: D6kQeo4CS5ehnhupkbMbUtq
============================================================
  [A] cached
      f_B = 0.0200347
      K_theta_avg = 1.099e+07  -> K_theta >= 0
  [B] cached
      f_B = 0.248466
  fB_A=0.02003  fB_B=0.2485

  [C_sparse_dipole]  objective=f_l1_Phi
    i=0: cached, skipping.
    i=1: cached, skipping.
    i=2: cached, skipping.
    i=3: cached, skipping.
    i=4: cached, skipping.

  [D_thin_dipole]  objective=f_max_Phi
    i=0: cached, skipping.
    i=1: cached, skipping.
    i=2: cached, skipping.
    i=3: cached, skipping.
    i=4: cached, skipping.

  [F_low_max_force_dipole]  objective=f_max_force_cyl
    i=0: cached, skipping.
    i=1: cached, skipping.
    i=2: cached, skipping.
    i=3: cached, skipping.
    i=4: cached, skipping.

  [I_low_curvature_filament]  objective=f_max_K_dot_grad_K_cyl
    i=0: cached, skipping.
    i=1: cached, skipping.
    i=2: cached, skipping.
    i=3: cached, skipping.
    i=4: cached, skipping.

  [K_low_max_force_filament]  objective=f_max_force_cyl
    i=0: cached, skipping.
    i=1: cached, skipping.
    i=2: cached, skipping.
    i=3: cached, skipping.
    i=4: cached, skipping.

============================================================
Config 15/103: D76ckNkk3zdwJfvLUKEJWy5
============================================================
  [A] cached
      f_B = 6.53102e-05
      K_theta_avg = 5.341e+06  -> K_theta >= 0
  [B] cached
      f_B = 0.0154037
  fB_A=6.531e-05  fB_B=0.0154

  [C_sparse_dipole]  objective=f_l1_Phi
    i=0: cached, skipping.
    i=1: cached, skipping.
    i=2: cached, skipping.
    i=3: cached, skipping.
    i=4: cached, skipping.

  [D_thin_dipole]  objective=f_max_Phi
    i=0: cached, skipping.
    i=1: cached, skipping.
    i=2: cached, skipping.
    i=3: cached, skipping.
    i=4: cached, skipping.

  [F_low_max_force_dipole]  objective=f_max_force_cyl
    i=0: cached, skipping.
    i=1: cached, skipping.
    i=2: cached, skipping.
    i=3: cached, skipping.
    i=4: cached, skipping.

  [I_low_curvature_filament]  objective=f_max_K_dot_grad_K_cyl
    i=0: cached, skipping.
    i=1: cached, skipping.
    i=2: cached, skipping.
    i=3: cached, skipping.
    i=4: cached, skipping.

  [K_low_max_force_filament]  objective=f_max_force_cyl
    i=0: cached, skipping.
    i=1: cached, skipping.
    i=2: cached, skipping.
    i=3: cached, skipping.
    i=4: cached, skipping.

============================================================
Config 16/103: D7hptRrujpBstzdHFhsDCkS
============================================================
  [A] cached
      f_B = 0.00320612
      K_theta_avg = 6.305e+06  -> K_theta >= 0
  [B] cached
      f_B = 0.315806
  fB_A=0.003206  fB_B=0.3158

  [C_sparse_dipole]  objective=f_l1_Phi
    i=0: cached, skipping.
    i=1: cached, skipping.
    i=2: cached, skipping.
    i=3: cached, skipping.
    i=4: cached, skipping.

  [D_thin_dipole]  objective=f_max_Phi
    i=0: cached, skipping.
    i=1: cached, skipping.
    i=2: cached, skipping.
    i=3: cached, skipping.
    i=4: cached, skipping.

  [F_low_max_force_dipole]  objective=f_max_force_cyl
    i=0: cached, skipping.
    i=1: cached, skipping.
    i=2: cached, skipping.
    i=3: cached, skipping.
    i=4: cached, skipping.

  [I_low_curvature_filament]  objective=f_max_K_dot_grad_K_cyl
    i=0: cached, skipping.
    i=1: cached, skipping.
    i=2: cached, skipping.
    i=3: cached, skipping.
    i=4: cached, skipping.

  [K_low_max_force_filament]  objective=f_max_force_cyl
    i=0: cached, skipping.
    i=1: cached, skipping.
    i=2: cached, skipping.
    i=3: cached, skipping.
    i=4: cached, skipping.

============================================================
Config 17/103: D7zSS6SKErzQeczXF8hoLCV
============================================================
  [A] cached
      f_B = 0.000521295
      K_theta_avg = 5.378e+06  -> K_theta >= 0
  [B] cached
      f_B = 0.0588057
  fB_A=0.0005213  fB_B=0.05881

  [C_sparse_dipole]  objective=f_l1_Phi
    i=0: cached, skipping.
    i=1: cached, skipping.
    i=2: cached, skipping.
    i=3: cached, skipping.
    i=4: cached, skipping.

  [D_thin_dipole]  objective=f_max_Phi
    i=0: cached, skipping.
    i=1: cached, skipping.
    i=2: cached, skipping.
    i=3: cached, skipping.
    i=4: cached, skipping.

  [F_low_max_force_dipole]  objective=f_max_force_cyl
    i=0: cached, skipping.
    i=1: cached, skipping.
    i=2: cached, skipping.
    i=3: cached, skipping.
    i=4: cached, skipping.

  [I_low_curvature_filament]  objective=f_max_K_dot_grad_K_cyl
    i=0: cached, skipping.
    i=1: cached, skipping.
    i=2: cached, skipping.
    i=3: cached, skipping.
    i=4: cached, skipping.

  [K_low_max_force_filament]  objective=f_max_force_cyl
    i=0: cached, skipping.
    i=1: cached, skipping.
    i=2: cached, skipping.
    i=3: cached, skipping.
    i=4: cached, skipping.

============================================================
Config 18/103: D8DgGTkD4YWLWsjGZKxbiLF
============================================================
  [A] cached
      f_B = 0.000210228
      K_theta_avg = 5.478e+06  -> K_theta >= 0
  [B] cached
      f_B = 0.0596953
  fB_A=0.0002102  fB_B=0.0597

  [C_sparse_dipole]  objective=f_l1_Phi
    i=0: cached, skipping.
    i=1: cached, skipping.
    i=2: cached, skipping.
    i=3: cached, skipping.
    i=4: cached, skipping.

  [D_thin_dipole]  objective=f_max_Phi
    i=0: cached, skipping.
    i=1: cached, skipping.
    i=2: cached, skipping.
    i=3: cached, skipping.
    i=4: cached, skipping.

  [F_low_max_force_dipole]  objective=f_max_force_cyl
    i=0: cached, skipping.
    i=1: cached, skipping.
    i=2: cached, skipping.
    i=3: cached, skipping.
    i=4: cached, skipping.

  [I_low_curvature_filament]  objective=f_max_K_dot_grad_K_cyl
    i=0: cached, skipping.
    i=1: cached, skipping.
    i=2: cached, skipping.
    i=3: cached, skipping.
    i=4: cached, skipping.

  [K_low_max_force_filament]  objective=f_max_force_cyl
    i=0: cached, skipping.
    i=1: cached, skipping.
    i=2: cached, skipping.
    i=3: cached, skipping.
    i=4: cached, skipping.

============================================================
Config 19/103: D8konj5vDWvSooNNNupyJji
============================================================
  [A] cached
      f_B = 3.04619e-05
      K_theta_avg = 5.63e+06  -> K_theta >= 0
  [B] cached
      f_B = 0.0261235
  fB_A=3.046e-05  fB_B=0.02612

  [C_sparse_dipole]  objective=f_l1_Phi
    i=0: cached, skipping.
    i=1: cached, skipping.
    i=2: cached, skipping.
    i=3: cached, skipping.
    i=4: cached, skipping.

  [D_thin_dipole]  objective=f_max_Phi
    i=0: cached, skipping.
    i=1: cached, skipping.
    i=2: cached, skipping.
    i=3: cached, skipping.
    i=4: cached, skipping.

  [F_low_max_force_dipole]  objective=f_max_force_cyl
    i=0: cached, skipping.
    i=1: cached, skipping.
    i=2: cached, skipping.
    i=3: cached, skipping.
    i=4: cached, skipping.

  [I_low_curvature_filament]  objective=f_max_K_dot_grad_K_cyl
    i=0: cached, skipping.
    i=1: cached, skipping.
    i=2: cached, skipping.
    i=3: cached, skipping.
    i=4: cached, skipping.

  [K_low_max_force_filament]  objective=f_max_force_cyl
    i=0: cached, skipping.
    i=1: cached, skipping.
    i=2: cached, skipping.
    i=3: cached, skipping.
    i=4: cached, skipping.

============================================================
Config 20/103: D95goBwrJAGjLMPFXWhEEsj
============================================================
  [A] cached
      f_B = 5.42864e-05
      K_theta_avg = 5.383e+06  -> K_theta >= 0
  [B] cached
      f_B = 0.0349324
  fB_A=5.429e-05  fB_B=0.03493

  [C_sparse_dipole]  objective=f_l1_Phi
    i=0: cached, skipping.
    i=1: cached, skipping.
    i=2: cached, skipping.
    i=3: cached, skipping.
    i=4: cached, skipping.

  [D_thin_dipole]  objective=f_max_Phi
    i=0: cached, skipping.
    i=1: cached, skipping.
    i=2: cached, skipping.
    i=3: cached, skipping.
    i=4: cached, skipping.

  [F_low_max_force_dipole]  objective=f_max_force_cyl
    i=0: cached, skipping.
    i=1: cached, skipping.
    i=2: cached, skipping.
    i=3: cached, skipping.
    i=4: cached, skipping.

  [I_low_curvature_filament]  objective=f_max_K_dot_grad_K_cyl
    i=0  fB_target=0.03493  (45.4 s (JIT compile + run))
      f_B=2.518e+19  fin_f=15161436941534606.0000  niter=2
    -> saved /scratch/lct9592/output_constellaration_nfp=3/D95goBwrJAGjLMPFXWhEEsj/I_low_curvature_filament_i0.npy
    i=1  fB_target=0.06212  (20.3 s)
      f_B=7.511e+19  fin_f=15161436918306056.0000  niter=1000
    -> saved /scratch/lct9592/output_constellaration_nfp=3/D95goBwrJAGjLMPFXWhEEsj/I_low_curvature_filament_i1.npy
    i=2  fB_target=0.1105  (20.1 s)
      f_B=7.496e+19  fin_f=15161434452048018.0000  niter=1000
    -> saved /scratch/lct9592/output_constellaration_nfp=3/D95goBwrJAGjLMPFXWhEEsj/I_low_curvature_filament_i2.npy
    i=3  fB_target=0.1964  (19.9 s)
      f_B=4.004e+19  fin_f=15161436963457330.0000  niter=1000
    -> saved /scratch/lct9592/output_constellaration_nfp=3/D95goBwrJAGjLMPFXWhEEsj/I_low_curvature_filament_i3.npy
    i=4  fB_target=0.3493  (20.1 s)
      f_B=4.004e+19  fin_f=15161436963457330.0000  niter=1000
    -> saved /scratch/lct9592/output_constellaration_nfp=3/D95goBwrJAGjLMPFXWhEEsj/I_low_curvature_filament_i4.npy

  [K_low_max_force_filament]  objective=f_max_force_cyl
    i=0  fB_target=0.03493  (126.0 s (JIT compile + run))
      f_B=5.887e+09  fin_f=565074606.8505  niter=1000
    -> saved /scratch/lct9592/output_constellaration_nfp=3/D95goBwrJAGjLMPFXWhEEsj/K_low_max_force_filament_i0.npy
    i=1  fB_target=0.06212  (84.5 s)
      f_B=1.089e+12  fin_f=565074606.8480  niter=1000
    -> saved /scratch/lct9592/output_constellaration_nfp=3/D95goBwrJAGjLMPFXWhEEsj/K_low_max_force_filament_i1.npy
    i=2  fB_target=0.1105  (85.4 s)
      f_B=9.693e+10  fin_f=565074604.5307  niter=1000
    -> saved /scratch/lct9592/output_constellaration_nfp=3/D95goBwrJAGjLMPFXWhEEsj/K_low_max_force_filament_i2.npy
    i=3  fB_target=0.1964  (2.5 s)
      f_B=2.494e+125  fin_f=105428557546226224915614416847542219510059786270243931397667519117494583296.0000  niter=2
    -> saved /scratch/lct9592/output_constellaration_nfp=3/D95goBwrJAGjLMPFXWhEEsj/K_low_max_force_filament_i3.npy
    i=4  fB_target=0.3493  (2.4 s)
      f_B=2.494e+125  fin_f=105428557546226224915614416847542219510059786270243931397667519117494583296.0000  niter=2
    -> saved /scratch/lct9592/output_constellaration_nfp=3/D95goBwrJAGjLMPFXWhEEsj/K_low_max_force_filament_i4.npy

============================================================
Config 21/103: D9kTWLKGZMAxmNonLfyniyF
============================================================
  [A] Nescoil (minimise f_B) ...
      f_B = 0.000355512   (13.2 s)
      K_theta_avg = 5.388e+06  -> K_theta >= 0
    -> saved /scratch/lct9592/output_constellaration_nfp=3/D9kTWLKGZMAxmNonLfyniyF/nescoil_A.npy
  [B] Nescoil w/ K_theta sign constraint ...
      f_B = 0.0379233   (14.5 s)
    -> saved /scratch/lct9592/output_constellaration_nfp=3/D9kTWLKGZMAxmNonLfyniyF/nescoil_B.npy
  fB_A=0.0003555  fB_B=0.03792

  [C_sparse_dipole]  objective=f_l1_Phi
    i=0  fB_target=0.0003555  (18.6 s (JIT compile + run))
      f_B=0.06586  fin_f=0.0000  niter=3
    -> saved /scratch/lct9592/output_constellaration_nfp=3/D9kTWLKGZMAxmNonLfyniyF/C_sparse_dipole_i0.npy
    i=1  fB_target=0.0006322  (1.5 s)
      f_B=0.06586  fin_f=0.0000  niter=1
    -> saved /scratch/lct9592/output_constellaration_nfp=3/D9kTWLKGZMAxmNonLfyniyF/C_sparse_dipole_i1.npy
    i=2  fB_target=0.001124  (1.5 s)
      f_B=0.06586  fin_f=0.0000  niter=10
    -> saved /scratch/lct9592/output_constellaration_nfp=3/D9kTWLKGZMAxmNonLfyniyF/C_sparse_dipole_i2.npy
    i=3  fB_target=0.001999  (1.4 s)
      f_B=0.06586  fin_f=0.0000  niter=2
    -> saved /scratch/lct9592/output_constellaration_nfp=3/D9kTWLKGZMAxmNonLfyniyF/C_sparse_dipole_i3.npy
    i=4  fB_target=0.003555  (1.5 s)
      f_B=0.06586  fin_f=0.0000  niter=2
    -> saved /scratch/lct9592/output_constellaration_nfp=3/D9kTWLKGZMAxmNonLfyniyF/C_sparse_dipole_i4.npy

  [D_thin_dipole]  objective=f_max_Phi
    i=0  fB_target=0.0003555  (17.7 s (JIT compile + run))
      f_B=0.06586  fin_f=-0.0000  niter=10
    -> saved /scratch/lct9592/output_constellaration_nfp=3/D9kTWLKGZMAxmNonLfyniyF/D_thin_dipole_i0.npy
    i=1  fB_target=0.0006322  (1.8 s)
      f_B=0.06586  fin_f=-0.0000  niter=10
    -> saved /scratch/lct9592/output_constellaration_nfp=3/D9kTWLKGZMAxmNonLfyniyF/D_thin_dipole_i1.npy
    i=2  fB_target=0.001124  (1.9 s)
      f_B=0.06586  fin_f=0.0000  niter=10
    -> saved /scratch/lct9592/output_constellaration_nfp=3/D9kTWLKGZMAxmNonLfyniyF/D_thin_dipole_i2.npy
    i=3  fB_target=0.001999  (1.9 s)
      f_B=0.06586  fin_f=0.0000  niter=10
    -> saved /scratch/lct9592/output_constellaration_nfp=3/D9kTWLKGZMAxmNonLfyniyF/D_thin_dipole_i3.npy
    i=4  fB_target=0.003555  (1.8 s)
      f_B=0.06586  fin_f=-0.0000  niter=1
    -> saved /scratch/lct9592/output_constellaration_nfp=3/D9kTWLKGZMAxmNonLfyniyF/D_thin_dipole_i4.npy

  [F_low_max_force_dipole]  objective=f_max_force_cyl
    i=0  fB_target=0.0003555  (437.0 s (JIT compile + run))
      f_B=3.983e+13  fin_f=77516444280.2892  niter=1000
    -> saved /scratch/lct9592/output_constellaration_nfp=3/D9kTWLKGZMAxmNonLfyniyF/F_low_max_force_dipole_i0.npy
    i=1  fB_target=0.0006322  (192.9 s)
      f_B=5.717e+14  fin_f=77516444280.0590  niter=1000
    -> saved /scratch/lct9592/output_constellaration_nfp=3/D9kTWLKGZMAxmNonLfyniyF/F_low_max_force_dipole_i1.npy
    i=2  fB_target=0.001124  (139.6 s)
      f_B=2.286e+14  fin_f=77516444279.1987  niter=1000
    -> saved /scratch/lct9592/output_constellaration_nfp=3/D9kTWLKGZMAxmNonLfyniyF/F_low_max_force_dipole_i2.npy
    i=3  fB_target=0.001999  (143.1 s)
      f_B=1.717e+15  fin_f=77516444276.9621  niter=1000
    -> saved /scratch/lct9592/output_constellaration_nfp=3/D9kTWLKGZMAxmNonLfyniyF/F_low_max_force_dipole_i3.npy
    i=4  fB_target=0.003555  (150.0 s)
      f_B=1.06e+15  fin_f=77516444269.2109  niter=1000
    -> saved /scratch/lct9592/output_constellaration_nfp=3/D9kTWLKGZMAxmNonLfyniyF/F_low_max_force_dipole_i4.npy

  [I_low_curvature_filament]  objective=f_max_K_dot_grad_K_cyl
    i=0  fB_target=0.03792  (243.9 s (JIT compile + run))
      f_B=7.829e+22  fin_f=101328693043639568.0000  niter=2
    -> saved /scratch/lct9592/output_constellaration_nfp=3/D9kTWLKGZMAxmNonLfyniyF/I_low_curvature_filament_i0.npy
    i=1  fB_target=0.06744  (0.7 s)
      f_B=0.06586  fin_f=101328694466043840.0000  niter=2
    -> saved /scratch/lct9592/output_constellaration_nfp=3/D9kTWLKGZMAxmNonLfyniyF/I_low_curvature_filament_i1.npy
    i=2  fB_target=0.1199  (0.5 s)
      f_B=0.06586  fin_f=101328694466043840.0000  niter=2
    -> saved /scratch/lct9592/output_constellaration_nfp=3/D9kTWLKGZMAxmNonLfyniyF/I_low_curvature_filament_i2.npy
    i=3  fB_target=0.2133  (0.6 s)
      f_B=0.06586  fin_f=101328694466043840.0000  niter=2
    -> saved /scratch/lct9592/output_constellaration_nfp=3/D9kTWLKGZMAxmNonLfyniyF/I_low_curvature_filament_i3.npy
    i=4  fB_target=0.3792  (0.6 s)
      f_B=0.06586  fin_f=101328694466043840.0000  niter=2
    -> saved /scratch/lct9592/output_constellaration_nfp=3/D9kTWLKGZMAxmNonLfyniyF/I_low_curvature_filament_i4.npy

  [K_low_max_force_filament]  objective=f_max_force_cyl
    i=0  fB_target=0.03792  (395.9 s (JIT compile + run))
      f_B=1.708e+10  fin_f=726678899.9331  niter=1000
    -> saved /scratch/lct9592/output_constellaration_nfp=3/D9kTWLKGZMAxmNonLfyniyF/K_low_max_force_filament_i0.npy
    i=1  fB_target=0.06744  (2.7 s)
      f_B=2.715e+58  fin_f=-105193514841062840428247361397586047008768.0000  niter=1
    -> saved /scratch/lct9592/output_constellaration_nfp=3/D9kTWLKGZMAxmNonLfyniyF/K_low_max_force_filament_i1.npy
    i=2  fB_target=0.1199  (2.7 s)
      f_B=2.715e+58  fin_f=-105193514841062840428247361397586047008768.0000  niter=1
    -> saved /scratch/lct9592/output_constellaration_nfp=3/D9kTWLKGZMAxmNonLfyniyF/K_low_max_force_filament_i2.npy
    i=3  fB_target=0.2133  (2.7 s)
      f_B=2.715e+58  fin_f=-105193514841062840428247361397586047008768.0000  niter=1
    -> saved /scratch/lct9592/output_constellaration_nfp=3/D9kTWLKGZMAxmNonLfyniyF/K_low_max_force_filament_i3.npy
    i=4  fB_target=0.3792  (2.7 s)
      f_B=2.715e+58  fin_f=-105193514841062840428247361397586047008768.0000  niter=1
    -> saved /scratch/lct9592/output_constellaration_nfp=3/D9kTWLKGZMAxmNonLfyniyF/K_low_max_force_filament_i4.npy

============================================================
Config 22/103: DAKFKw7GgmxkdKK2aj78fof
============================================================
  [A] Nescoil (minimise f_B) ...
      f_B = 1.94972e-05   (6.0 s)
      K_theta_avg = 5.846e+06  -> K_theta >= 0
    -> saved /scratch/lct9592/output_constellaration_nfp=3/DAKFKw7GgmxkdKK2aj78fof/nescoil_A.npy
  [B] Nescoil w/ K_theta sign constraint ...
      f_B = 0.0730934   (3.8 s)
    -> saved /scratch/lct9592/output_constellaration_nfp=3/DAKFKw7GgmxkdKK2aj78fof/nescoil_B.npy
  fB_A=1.95e-05  fB_B=0.07309

  [C_sparse_dipole]  objective=f_l1_Phi
    i=0  fB_target=1.95e-05  (1.5 s (JIT compile + run))
      f_B=0.3614  fin_f=0.0000  niter=10
    -> saved /scratch/lct9592/output_constellaration_nfp=3/DAKFKw7GgmxkdKK2aj78fof/C_sparse_dipole_i0.npy
    i=1  fB_target=3.467e-05  (1.4 s)
      f_B=0.3614  fin_f=0.0000  niter=10
    -> saved /scratch/lct9592/output_constellaration_nfp=3/DAKFKw7GgmxkdKK2aj78fof/C_sparse_dipole_i1.npy
    i=2  fB_target=6.166e-05  (1.4 s)
      f_B=0.3614  fin_f=0.0000  niter=1
    -> saved /scratch/lct9592/output_constellaration_nfp=3/DAKFKw7GgmxkdKK2aj78fof/C_sparse_dipole_i2.npy
    i=3  fB_target=0.0001096  (1.5 s)
      f_B=0.3614  fin_f=0.0000  niter=1
    -> saved /scratch/lct9592/output_constellaration_nfp=3/DAKFKw7GgmxkdKK2aj78fof/C_sparse_dipole_i3.npy
    i=4  fB_target=0.000195  (1.5 s)
      f_B=0.3614  fin_f=0.0000  niter=1
    -> saved /scratch/lct9592/output_constellaration_nfp=3/DAKFKw7GgmxkdKK2aj78fof/C_sparse_dipole_i4.npy

  [D_thin_dipole]  objective=f_max_Phi
    i=0  fB_target=1.95e-05  (1.6 s (JIT compile + run))
      f_B=0.3614  fin_f=0.0000  niter=10
    -> saved /scratch/lct9592/output_constellaration_nfp=3/DAKFKw7GgmxkdKK2aj78fof/D_thin_dipole_i0.npy
    i=1  fB_target=3.467e-05  (1.6 s)
      f_B=0.3614  fin_f=0.0000  niter=10
    -> saved /scratch/lct9592/output_constellaration_nfp=3/DAKFKw7GgmxkdKK2aj78fof/D_thin_dipole_i1.npy
    i=2  fB_target=6.166e-05  (1.7 s)
      f_B=0.3614  fin_f=-0.0000  niter=3
    -> saved /scratch/lct9592/output_constellaration_nfp=3/DAKFKw7GgmxkdKK2aj78fof/D_thin_dipole_i2.npy
    i=3  fB_target=0.0001096  (1.7 s)
      f_B=0.3614  fin_f=-0.0000  niter=1
    -> saved /scratch/lct9592/output_constellaration_nfp=3/DAKFKw7GgmxkdKK2aj78fof/D_thin_dipole_i3.npy
    i=4  fB_target=0.000195  (1.7 s)
      f_B=0.3614  fin_f=-0.0000  niter=1
    -> saved /scratch/lct9592/output_constellaration_nfp=3/DAKFKw7GgmxkdKK2aj78fof/D_thin_dipole_i4.npy

  [F_low_max_force_dipole]  objective=f_max_force_cyl
    i=0  fB_target=1.95e-05  (97.7 s (JIT compile + run))
      f_B=2.291e+20  fin_f=2522721487300.9585  niter=1000
    -> saved /scratch/lct9592/output_constellaration_nfp=3/DAKFKw7GgmxkdKK2aj78fof/F_low_max_force_dipole_i0.npy
    i=1  fB_target=3.467e-05  (107.7 s)
      f_B=2.164e+19  fin_f=2522721487300.9580  niter=1000
    -> saved /scratch/lct9592/output_constellaration_nfp=3/DAKFKw7GgmxkdKK2aj78fof/F_low_max_force_dipole_i1.npy
    i=2  fB_target=6.166e-05  (98.8 s)
      f_B=1.182e+19  fin_f=2522721487300.9580  niter=1000
    -> saved /scratch/lct9592/output_constellaration_nfp=3/DAKFKw7GgmxkdKK2aj78fof/F_low_max_force_dipole_i2.npy
    i=3  fB_target=0.0001096  (61.3 s)
      f_B=6.79e+18  fin_f=2522721487300.9570  niter=1000
    -> saved /scratch/lct9592/output_constellaration_nfp=3/DAKFKw7GgmxkdKK2aj78fof/F_low_max_force_dipole_i3.npy
    i=4  fB_target=0.000195  (123.7 s)
      f_B=1.41e+20  fin_f=2522721487300.9531  niter=1000
    -> saved /scratch/lct9592/output_constellaration_nfp=3/DAKFKw7GgmxkdKK2aj78fof/F_low_max_force_dipole_i4.npy

  [I_low_curvature_filament]  objective=f_max_K_dot_grad_K_cyl
    i=0  fB_target=0.07309  (24.7 s (JIT compile + run))
      f_B=3.437e+23  fin_f=2035083181681030.2500  niter=1000
    -> saved /scratch/lct9592/output_constellaration_nfp=3/DAKFKw7GgmxkdKK2aj78fof/I_low_curvature_filament_i0.npy
    i=1  fB_target=0.13  (114.0 s)
      f_B=1.266e+22  fin_f=2035083180712463.5000  niter=1000
    -> saved /scratch/lct9592/output_constellaration_nfp=3/DAKFKw7GgmxkdKK2aj78fof/I_low_curvature_filament_i1.npy
    i=2  fB_target=0.2311  (147.8 s)
      f_B=3.001e+23  fin_f=2035083175073748.0000  niter=1000
    -> saved /scratch/lct9592/output_constellaration_nfp=3/DAKFKw7GgmxkdKK2aj78fof/I_low_curvature_filament_i2.npy
    i=3  fB_target=0.411  (53.8 s)
      f_B=2.734e+22  fin_f=2035083181894854.2500  niter=1000
    -> saved /scratch/lct9592/output_constellaration_nfp=3/DAKFKw7GgmxkdKK2aj78fof/I_low_curvature_filament_i3.npy
    i=4  fB_target=0.7309  (53.6 s)
      f_B=2.734e+22  fin_f=2035083181894854.2500  niter=1000
    -> saved /scratch/lct9592/output_constellaration_nfp=3/DAKFKw7GgmxkdKK2aj78fof/I_low_curvature_filament_i4.npy

  [K_low_max_force_filament]  objective=f_max_force_cyl
    i=0  fB_target=0.07309  (67.0 s (JIT compile + run))
      f_B=2.129e+11  fin_f=672919806.4424  niter=1000
    -> saved /scratch/lct9592/output_constellaration_nfp=3/DAKFKw7GgmxkdKK2aj78fof/K_low_max_force_filament_i0.npy
    i=1  fB_target=0.13  (86.3 s)
      f_B=2.483e+11  fin_f=672919799.4820  niter=1000
    -> saved /scratch/lct9592/output_constellaration_nfp=3/DAKFKw7GgmxkdKK2aj78fof/K_low_max_force_filament_i1.npy
    i=2  fB_target=0.2311  (69.6 s)
      f_B=1.928e+12  fin_f=672919806.7265  niter=1000
    -> saved /scratch/lct9592/output_constellaration_nfp=3/DAKFKw7GgmxkdKK2aj78fof/K_low_max_force_filament_i2.npy
    i=3  fB_target=0.411  (34.9 s)
      f_B=0.3691  fin_f=0.0000  niter=1000
    -> saved /scratch/lct9592/output_constellaration_nfp=3/DAKFKw7GgmxkdKK2aj78fof/K_low_max_force_filament_i3.npy
    i=4  fB_target=0.7309  (34.9 s)
      f_B=0.3691  fin_f=0.0000  niter=1000
    -> saved /scratch/lct9592/output_constellaration_nfp=3/DAKFKw7GgmxkdKK2aj78fof/K_low_max_force_filament_i4.npy

============================================================
Config 23/103: DAVv6HYTYZFA6q97vP2eTft
============================================================
  [A] Nescoil (minimise f_B) ...
      f_B = 0.000115633   (6.0 s)
      K_theta_avg = 5.551e+06  -> K_theta >= 0
    -> saved /scratch/lct9592/output_constellaration_nfp=3/DAVv6HYTYZFA6q97vP2eTft/nescoil_A.npy
  [B] Nescoil w/ K_theta sign constraint ...
      f_B = 0.0574886   (2.1 s)
    -> saved /scratch/lct9592/output_constellaration_nfp=3/DAVv6HYTYZFA6q97vP2eTft/nescoil_B.npy
  fB_A=0.0001156  fB_B=0.05749

  [C_sparse_dipole]  objective=f_l1_Phi
    i=0  fB_target=0.0001156  (1.4 s (JIT compile + run))
      f_B=0.1915  fin_f=0.0000  niter=1
    -> saved /scratch/lct9592/output_constellaration_nfp=3/DAVv6HYTYZFA6q97vP2eTft/C_sparse_dipole_i0.npy
    i=1  fB_target=0.0002056  (1.3 s)
      f_B=0.1915  fin_f=0.0000  niter=1
    -> saved /scratch/lct9592/output_constellaration_nfp=3/DAVv6HYTYZFA6q97vP2eTft/C_sparse_dipole_i1.npy
    i=2  fB_target=0.0003657  (1.3 s)
      f_B=0.1915  fin_f=0.0000  niter=1
    -> saved /scratch/lct9592/output_constellaration_nfp=3/DAVv6HYTYZFA6q97vP2eTft/C_sparse_dipole_i2.npy
    i=3  fB_target=0.0006503  (1.3 s)
      f_B=0.1915  fin_f=0.0000  niter=1
    -> saved /scratch/lct9592/output_constellaration_nfp=3/DAVv6HYTYZFA6q97vP2eTft/C_sparse_dipole_i3.npy
    i=4  fB_target=0.001156  (1.4 s)
      f_B=0.1915  fin_f=0.0000  niter=3
    -> saved /scratch/lct9592/output_constellaration_nfp=3/DAVv6HYTYZFA6q97vP2eTft/C_sparse_dipole_i4.npy

  [D_thin_dipole]  objective=f_max_Phi
    i=0  fB_target=0.0001156  (1.6 s (JIT compile + run))
      f_B=0.1915  fin_f=0.0000  niter=10
    -> saved /scratch/lct9592/output_constellaration_nfp=3/DAVv6HYTYZFA6q97vP2eTft/D_thin_dipole_i0.npy
    i=1  fB_target=0.0002056  (1.5 s)
      f_B=0.1915  fin_f=0.0000  niter=10
    -> saved /scratch/lct9592/output_constellaration_nfp=3/DAVv6HYTYZFA6q97vP2eTft/D_thin_dipole_i1.npy
    i=2  fB_target=0.0003657  (1.7 s)
      f_B=0.1915  fin_f=0.0000  niter=10
    -> saved /scratch/lct9592/output_constellaration_nfp=3/DAVv6HYTYZFA6q97vP2eTft/D_thin_dipole_i2.npy
    i=3  fB_target=0.0006503  (1.7 s)
      f_B=0.1915  fin_f=0.0000  niter=10
    -> saved /scratch/lct9592/output_constellaration_nfp=3/DAVv6HYTYZFA6q97vP2eTft/D_thin_dipole_i3.npy
    i=4  fB_target=0.001156  (1.6 s)
      f_B=0.1915  fin_f=-0.0000  niter=10
    -> saved /scratch/lct9592/output_constellaration_nfp=3/DAVv6HYTYZFA6q97vP2eTft/D_thin_dipole_i4.npy

  [F_low_max_force_dipole]  objective=f_max_force_cyl
    i=0  fB_target=0.0001156  (391.0 s (JIT compile + run))
      f_B=7.603e+16  fin_f=401800943186.3048  niter=1000
    -> saved /scratch/lct9592/output_constellaration_nfp=3/DAVv6HYTYZFA6q97vP2eTft/F_low_max_force_dipole_i0.npy
    i=1  fB_target=0.0002056  (162.7 s)
      f_B=1.442e+19  fin_f=401800943186.3032  niter=1000
    -> saved /scratch/lct9592/output_constellaration_nfp=3/DAVv6HYTYZFA6q97vP2eTft/F_low_max_force_dipole_i1.npy
    i=2  fB_target=0.0003657  (391.1 s)
      f_B=4.087e+17  fin_f=401800943186.2982  niter=1000
    -> saved /scratch/lct9592/output_constellaration_nfp=3/DAVv6HYTYZFA6q97vP2eTft/F_low_max_force_dipole_i2.npy
    i=3  fB_target=0.0006503  (388.1 s)
      f_B=2.026e+14  fin_f=401800943186.2825  niter=1
    -> saved /scratch/lct9592/output_constellaration_nfp=3/DAVv6HYTYZFA6q97vP2eTft/F_low_max_force_dipole_i3.npy
    i=4  fB_target=0.001156  (386.5 s)
      f_B=1.678e+14  fin_f=401800943186.2328  niter=1
    -> saved /scratch/lct9592/output_constellaration_nfp=3/DAVv6HYTYZFA6q97vP2eTft/F_low_max_force_dipole_i4.npy

  [I_low_curvature_filament]  objective=f_max_K_dot_grad_K_cyl
    i=0  fB_target=0.05749  (20.0 s (JIT compile + run))
      f_B=2.441e+20  fin_f=3035966383935410.0000  niter=919
    -> saved /scratch/lct9592/output_constellaration_nfp=3/DAVv6HYTYZFA6q97vP2eTft/I_low_curvature_filament_i0.npy
    i=1  fB_target=0.1022  (74.7 s)
      f_B=1.443e+22  fin_f=3035966380361198.0000  niter=925
    -> saved /scratch/lct9592/output_constellaration_nfp=3/DAVv6HYTYZFA6q97vP2eTft/I_low_curvature_filament_i1.npy
    i=2  fB_target=0.1818  (65.1 s)
      f_B=3.723e+22  fin_f=3035965293316073.0000  niter=1000
    -> saved /scratch/lct9592/output_constellaration_nfp=3/DAVv6HYTYZFA6q97vP2eTft/I_low_curvature_filament_i2.npy
    i=3  fB_target=0.3233  (138.8 s)
      f_B=0.1981  fin_f=622673884069586.0000  niter=2
    -> saved /scratch/lct9592/output_constellaration_nfp=3/DAVv6HYTYZFA6q97vP2eTft/I_low_curvature_filament_i3.npy
    i=4  fB_target=0.5749  (139.5 s)
      f_B=0.1981  fin_f=622673884069586.0000  niter=2
    -> saved /scratch/lct9592/output_constellaration_nfp=3/DAVv6HYTYZFA6q97vP2eTft/I_low_curvature_filament_i4.npy

  [K_low_max_force_filament]  objective=f_max_force_cyl
    i=0  fB_target=0.05749  (386.6 s (JIT compile + run))
      f_B=5.718e+08  fin_f=808187357.8360  niter=1
    -> saved /scratch/lct9592/output_constellaration_nfp=3/DAVv6HYTYZFA6q97vP2eTft/K_low_max_force_filament_i0.npy
    i=1  fB_target=0.1022  (389.2 s)
      f_B=1.267e+09  fin_f=808187566.0572  niter=1
    -> saved /scratch/lct9592/output_constellaration_nfp=3/DAVv6HYTYZFA6q97vP2eTft/K_low_max_force_filament_i1.npy
    i=2  fB_target=0.1818  (392.1 s)
      f_B=1.482e+11  fin_f=808187568.5682  niter=1000
    -> saved /scratch/lct9592/output_constellaration_nfp=3/DAVv6HYTYZFA6q97vP2eTft/K_low_max_force_filament_i2.npy
    i=3  fB_target=0.3233  (37.8 s)
      f_B=0.2183  fin_f=0.0000  niter=1000
    -> saved /scratch/lct9592/output_constellaration_nfp=3/DAVv6HYTYZFA6q97vP2eTft/K_low_max_force_filament_i3.npy
    i=4  fB_target=0.5749  (37.8 s)
      f_B=0.2183  fin_f=0.0000  niter=1000
    -> saved /scratch/lct9592/output_constellaration_nfp=3/DAVv6HYTYZFA6q97vP2eTft/K_low_max_force_filament_i4.npy

============================================================
Config 24/103: DAyy5eD9Z24cXfczM7bo22R
============================================================
  [A] Nescoil (minimise f_B) ...
      f_B = 0.00114446   (6.1 s)
      K_theta_avg = 6.194e+06  -> K_theta >= 0
    -> saved /scratch/lct9592/output_constellaration_nfp=3/DAyy5eD9Z24cXfczM7bo22R/nescoil_A.npy
  [B] Nescoil w/ K_theta sign constraint ...
      f_B = 0.0661095   (2.6 s)
    -> saved /scratch/lct9592/output_constellaration_nfp=3/DAyy5eD9Z24cXfczM7bo22R/nescoil_B.npy
  fB_A=0.001144  fB_B=0.06611

  [C_sparse_dipole]  objective=f_l1_Phi
    i=0  fB_target=0.001144  (1.3 s (JIT compile + run))
      f_B=0.4419  fin_f=0.0000  niter=1
    -> saved /scratch/lct9592/output_constellaration_nfp=3/DAyy5eD9Z24cXfczM7bo22R/C_sparse_dipole_i0.npy
    i=1  fB_target=0.002035  (1.3 s)
      f_B=0.4419  fin_f=0.0000  niter=3
    -> saved /scratch/lct9592/output_constellaration_nfp=3/DAyy5eD9Z24cXfczM7bo22R/C_sparse_dipole_i1.npy
    i=2  fB_target=0.003619  (1.3 s)
      f_B=0.4419  fin_f=0.0000  niter=3
    -> saved /scratch/lct9592/output_constellaration_nfp=3/DAyy5eD9Z24cXfczM7bo22R/C_sparse_dipole_i2.npy
    i=3  fB_target=0.006436  (1.3 s)
      f_B=0.4419  fin_f=0.0000  niter=3
    -> saved /scratch/lct9592/output_constellaration_nfp=3/DAyy5eD9Z24cXfczM7bo22R/C_sparse_dipole_i3.npy
    i=4  fB_target=0.01144  (1.5 s)
      f_B=0.4419  fin_f=0.0000  niter=1
    -> saved /scratch/lct9592/output_constellaration_nfp=3/DAyy5eD9Z24cXfczM7bo22R/C_sparse_dipole_i4.npy

  [D_thin_dipole]  objective=f_max_Phi
    i=0  fB_target=0.001144  (1.6 s (JIT compile + run))
      f_B=0.4419  fin_f=0.0000  niter=5
    -> saved /scratch/lct9592/output_constellaration_nfp=3/DAyy5eD9Z24cXfczM7bo22R/D_thin_dipole_i0.npy
    i=1  fB_target=0.002035  (1.5 s)
      f_B=0.4419  fin_f=0.0000  niter=10
    -> saved /scratch/lct9592/output_constellaration_nfp=3/DAyy5eD9Z24cXfczM7bo22R/D_thin_dipole_i1.npy
    i=2  fB_target=0.003619  (1.5 s)
      f_B=0.4419  fin_f=0.0000  niter=10
    -> saved /scratch/lct9592/output_constellaration_nfp=3/DAyy5eD9Z24cXfczM7bo22R/D_thin_dipole_i2.npy
    i=3  fB_target=0.006436  (1.7 s)
      f_B=0.4419  fin_f=0.0000  niter=10
    -> saved /scratch/lct9592/output_constellaration_nfp=3/DAyy5eD9Z24cXfczM7bo22R/D_thin_dipole_i3.npy
    i=4  fB_target=0.01144  (1.8 s)
      f_B=0.4419  fin_f=0.0000  niter=10
    -> saved /scratch/lct9592/output_constellaration_nfp=3/DAyy5eD9Z24cXfczM7bo22R/D_thin_dipole_i4.npy

  [F_low_max_force_dipole]  objective=f_max_force_cyl
    i=0  fB_target=0.001144  (386.6 s (JIT compile + run))
      f_B=2.126e+21  fin_f=2077800649833589.5000  niter=2
    -> saved /scratch/lct9592/output_constellaration_nfp=3/DAyy5eD9Z24cXfczM7bo22R/F_low_max_force_dipole_i0.npy
    i=1  fB_target=0.002035  (388.6 s)
      f_B=2.124e+21  fin_f=2077800649833008.2500  niter=2
    -> saved /scratch/lct9592/output_constellaration_nfp=3/DAyy5eD9Z24cXfczM7bo22R/F_low_max_force_dipole_i1.npy
    i=2  fB_target=0.003619  (388.1 s)
      f_B=2.119e+21  fin_f=2077800649831136.2500  niter=2
    -> saved /scratch/lct9592/output_constellaration_nfp=3/DAyy5eD9Z24cXfczM7bo22R/F_low_max_force_dipole_i2.npy
    i=3  fB_target=0.006436  (386.7 s)
      f_B=2.111e+21  fin_f=2077800649825024.7500  niter=2
    -> saved /scratch/lct9592/output_constellaration_nfp=3/DAyy5eD9Z24cXfczM7bo22R/F_low_max_force_dipole_i3.npy
    i=4  fB_target=0.01144  (388.1 s)
      f_B=2.099e+21  fin_f=2077800649804626.0000  niter=2
    -> saved /scratch/lct9592/output_constellaration_nfp=3/DAyy5eD9Z24cXfczM7bo22R/F_low_max_force_dipole_i4.npy

  [I_low_curvature_filament]  objective=f_max_K_dot_grad_K_cyl
    i=0  fB_target=0.06611  (241.4 s (JIT compile + run))
      f_B=8.644e+27  fin_f=101030725695473808.0000  niter=1000
    -> saved /scratch/lct9592/output_constellaration_nfp=3/DAyy5eD9Z24cXfczM7bo22R/I_low_curvature_filament_i0.npy
    i=1  fB_target=0.1176  (241.0 s)
      f_B=8.802e+27  fin_f=101030725655983264.0000  niter=1000
    -> saved /scratch/lct9592/output_constellaration_nfp=3/DAyy5eD9Z24cXfczM7bo22R/I_low_curvature_filament_i1.npy
    i=2  fB_target=0.2091  (239.2 s)
      f_B=2.618e+24  fin_f=101030725369596256.0000  niter=2
    -> saved /scratch/lct9592/output_constellaration_nfp=3/DAyy5eD9Z24cXfczM7bo22R/I_low_curvature_filament_i2.npy
    i=3  fB_target=0.3718  (240.2 s)
      f_B=2.174e+24  fin_f=101030723748868848.0000  niter=2
    -> saved /scratch/lct9592/output_constellaration_nfp=3/DAyy5eD9Z24cXfczM7bo22R/I_low_curvature_filament_i3.npy
    i=4  fB_target=0.6611  (0.6 s)
      f_B=0.4419  fin_f=101030725713210064.0000  niter=2
    -> saved /scratch/lct9592/output_constellaration_nfp=3/DAyy5eD9Z24cXfczM7bo22R/I_low_curvature_filament_i4.npy

  [K_low_max_force_filament]  objective=f_max_force_cyl
    i=0  fB_target=0.06611  (388.7 s (JIT compile + run))
      f_B=7.398e+17  fin_f=35970128567321.2031  niter=2
    -> saved /scratch/lct9592/output_constellaration_nfp=3/DAyy5eD9Z24cXfczM7bo22R/K_low_max_force_filament_i0.npy
    i=1  fB_target=0.1176  (388.4 s)
      f_B=4.514e+17  fin_f=35970128553582.0156  niter=2
    -> saved /scratch/lct9592/output_constellaration_nfp=3/DAyy5eD9Z24cXfczM7bo22R/K_low_max_force_filament_i1.npy
    i=2  fB_target=0.2091  (392.2 s)
      f_B=9.677e+25  fin_f=35970128529561.3906  niter=1000
    -> saved /scratch/lct9592/output_constellaration_nfp=3/DAyy5eD9Z24cXfczM7bo22R/K_low_max_force_filament_i2.npy
    i=3  fB_target=0.3718  (391.0 s)
      f_B=1.507e+26  fin_f=35970125655063.6094  niter=1000
    -> saved /scratch/lct9592/output_constellaration_nfp=3/DAyy5eD9Z24cXfczM7bo22R/K_low_max_force_filament_i3.npy
    i=4  fB_target=0.6611  (352.2 s)
      f_B=2.547e+05  fin_f=34634572234889.7539  niter=2
    -> saved /scratch/lct9592/output_constellaration_nfp=3/DAyy5eD9Z24cXfczM7bo22R/K_low_max_force_filament_i4.npy

============================================================
Config 25/103: DBanFYfFuzFp3k8LRY39z9a
============================================================
  [A] Nescoil (minimise f_B) ...
      f_B = 0.000556425   (6.0 s)
      K_theta_avg = 5.485e+06  -> K_theta >= 0
    -> saved /scratch/lct9592/output_constellaration_nfp=3/DBanFYfFuzFp3k8LRY39z9a/nescoil_A.npy
  [B] Nescoil w/ K_theta sign constraint ...
      f_B = 0.04743   (2.3 s)
    -> saved /scratch/lct9592/output_constellaration_nfp=3/DBanFYfFuzFp3k8LRY39z9a/nescoil_B.npy
  fB_A=0.0005564  fB_B=0.04743

  [C_sparse_dipole]  objective=f_l1_Phi
    i=0  fB_target=0.0005564  (1.3 s (JIT compile + run))
      f_B=0.1005  fin_f=0.0000  niter=3
    -> saved /scratch/lct9592/output_constellaration_nfp=3/DBanFYfFuzFp3k8LRY39z9a/C_sparse_dipole_i0.npy
    i=1  fB_target=0.0009895  (1.4 s)
      f_B=0.1005  fin_f=0.0000  niter=1
    -> saved /scratch/lct9592/output_constellaration_nfp=3/DBanFYfFuzFp3k8LRY39z9a/C_sparse_dipole_i1.npy
    i=2  fB_target=0.00176  (1.5 s)
      f_B=0.1005  fin_f=0.0000  niter=3
    -> saved /scratch/lct9592/output_constellaration_nfp=3/DBanFYfFuzFp3k8LRY39z9a/C_sparse_dipole_i2.npy
    i=3  fB_target=0.003129  (1.5 s)
      f_B=0.1005  fin_f=0.0000  niter=1
    -> saved /scratch/lct9592/output_constellaration_nfp=3/DBanFYfFuzFp3k8LRY39z9a/C_sparse_dipole_i3.npy
    i=4  fB_target=0.005564  (1.5 s)
      f_B=0.1005  fin_f=0.0000  niter=1
    -> saved /scratch/lct9592/output_constellaration_nfp=3/DBanFYfFuzFp3k8LRY39z9a/C_sparse_dipole_i4.npy

  [D_thin_dipole]  objective=f_max_Phi
    i=0  fB_target=0.0005564  (1.5 s (JIT compile + run))
      f_B=0.1005  fin_f=0.0000  niter=10
    -> saved /scratch/lct9592/output_constellaration_nfp=3/DBanFYfFuzFp3k8LRY39z9a/D_thin_dipole_i0.npy
    i=1  fB_target=0.0009895  (1.7 s)
      f_B=0.1005  fin_f=-0.0000  niter=10
    -> saved /scratch/lct9592/output_constellaration_nfp=3/DBanFYfFuzFp3k8LRY39z9a/D_thin_dipole_i1.npy
    i=2  fB_target=0.00176  (1.8 s)
      f_B=0.1005  fin_f=-0.0000  niter=10
    -> saved /scratch/lct9592/output_constellaration_nfp=3/DBanFYfFuzFp3k8LRY39z9a/D_thin_dipole_i2.npy
    i=3  fB_target=0.003129  (1.8 s)
      f_B=0.1005  fin_f=-0.0000  niter=10
    -> saved /scratch/lct9592/output_constellaration_nfp=3/DBanFYfFuzFp3k8LRY39z9a/D_thin_dipole_i3.npy
    i=4  fB_target=0.005564  (1.8 s)
      f_B=0.1005  fin_f=0.0000  niter=10
    -> saved /scratch/lct9592/output_constellaration_nfp=3/DBanFYfFuzFp3k8LRY39z9a/D_thin_dipole_i4.npy

  [F_low_max_force_dipole]  objective=f_max_force_cyl
    i=0  fB_target=0.0005564  (113.5 s (JIT compile + run))
      f_B=1.882e+15  fin_f=31034969078.2958  niter=1000
    -> saved /scratch/lct9592/output_constellaration_nfp=3/DBanFYfFuzFp3k8LRY39z9a/F_low_max_force_dipole_i0.npy
    i=1  fB_target=0.0009895  (179.3 s)
      f_B=2.084e+15  fin_f=31034969078.2154  niter=1000
    -> saved /scratch/lct9592/output_constellaration_nfp=3/DBanFYfFuzFp3k8LRY39z9a/F_low_max_force_dipole_i1.npy
    i=2  fB_target=0.00176  (53.0 s)
      f_B=7.106e+14  fin_f=31034969077.9966  niter=1000
    -> saved /scratch/lct9592/output_constellaration_nfp=3/DBanFYfFuzFp3k8LRY39z9a/F_low_max_force_dipole_i2.npy
    i=3  fB_target=0.003129  (104.4 s)
      f_B=3.521e+15  fin_f=31034969077.1211  niter=1000
    -> saved /scratch/lct9592/output_constellaration_nfp=3/DBanFYfFuzFp3k8LRY39z9a/F_low_max_force_dipole_i3.npy
    i=4  fB_target=0.005564  (214.7 s)
      f_B=3.716e+15  fin_f=31034969074.3780  niter=1000
    -> saved /scratch/lct9592/output_constellaration_nfp=3/DBanFYfFuzFp3k8LRY39z9a/F_low_max_force_dipole_i4.npy

  [I_low_curvature_filament]  objective=f_max_K_dot_grad_K_cyl
    i=0  fB_target=0.04743  (84.8 s (JIT compile + run))
      f_B=1.874e+24  fin_f=20311472018845860.0000  niter=1000
    -> saved /scratch/lct9592/output_constellaration_nfp=3/DBanFYfFuzFp3k8LRY39z9a/I_low_curvature_filament_i0.npy
    i=1  fB_target=0.08434  