Job ID: 7682655
Array task: 0 / 16
Start time: Thu Apr 30 23:43:12 EDT 2026
Node: gh103
GPU: 0
Found 32 config(s) to process.

============================================================
Config 1/32: D22RYC5Z58coDhr9Wc6PXqz
============================================================
  [A] cached
      f_B = 0.00452678
      K_theta_avg = 7.976e+06  -> K_theta >= 0
  [B] cached
      f_B = 0.468717
  fB_A=0.004527  fB_B=0.4687

  [C_sparse_dipole]  objective=f_l1_Phi
    i=0: cached, skipping.
    i=1: cached, skipping.
    i=2: cached, skipping.
    i=3: cached, skipping.
    i=4: cached, skipping.

  [D_thin_dipole]  objective=f_max_Phi
    i=0: cached, skipping.
    i=1: cached, skipping.
    i=2: cached, skipping.
    i=3: cached, skipping.
    i=4: cached, skipping.

  [F_low_max_force_dipole]  objective=f_max_force_cyl
    i=0: cached, skipping.
    i=1: cached, skipping.
    i=2: cached, skipping.
    i=3: cached, skipping.
    i=4: cached, skipping.

  [I_low_curvature_filament]  objective=f_max_K_dot_grad_K_cyl
    i=0: cached, skipping.
    i=1: cached, skipping.
    i=2: cached, skipping.
    i=3: cached, skipping.
    i=4: cached, skipping.

  [K_low_max_force_filament]  objective=f_max_force_cyl
    i=0: cached, skipping.
    i=1: cached, skipping.
    i=2: cached, skipping.
    i=3: cached, skipping.
    i=4: cached, skipping.

============================================================
Config 2/32: D3AqXix467453wMYs2NV2yb
============================================================
  [A] Nescoil (minimise f_B) ...
