Job ID: 7673955
Start time: Thu Apr 30 21:39:47 EDT 2026
Found 1 config(s) to process.

============================================================
Config 1/1: D22RYC5Z58coDhr9Wc6PXqz
============================================================
  [A] Nescoil (minimise f_B) ...
      f_B = 0.00452678   (907.2 s)
      K_theta_avg = 7.976e+06  -> K_theta >= 0
    -> saved /scratch/lct9592/output_constellaration_nfp=3/D22RYC5Z58coDhr9Wc6PXqz/nescoil_A.npy
  [B] Nescoil w/ K_theta sign constraint ...
      f_B = 0.468717   (461.2 s)
    -> saved /scratch/lct9592/output_constellaration_nfp=3/D22RYC5Z58coDhr9Wc6PXqz/nescoil_B.npy
  fB_A=0.004527  fB_B=0.4687

  [C_sparse_dipole]  objective=f_l1_Phi
    i=0: cached, skipping.
    i=1: cached, skipping.
    i=2: cached, skipping.
    i=3: cached, skipping.
    i=4  fB_target=0.04527  (117.3 s)
      f_B=2.021  fin_f=0.0000  niter=10
    -> saved /scratch/lct9592/output_constellaration_nfp=3/D22RYC5Z58coDhr9Wc6PXqz/C_sparse_dipole_i4.npy

  [D_thin_dipole]  objective=f_max_Phi
    i=0  fB_target=0.004527  (112.0 s (JIT compile + run))
      f_B=2.021  fin_f=0.0000  niter=10
    -> saved /scratch/lct9592/output_constellaration_nfp=3/D22RYC5Z58coDhr9Wc6PXqz/D_thin_dipole_i0.npy
    i=1  fB_target=0.00805  (95.5 s)
      f_B=2.021  fin_f=0.0000  niter=10
    -> saved /scratch/lct9592/output_constellaration_nfp=3/D22RYC5Z58coDhr9Wc6PXqz/D_thin_dipole_i1.npy
    i=2  fB_target=0.01431  (93.9 s)
      f_B=2.021  fin_f=0.0000  niter=10
    -> saved /scratch/lct9592/output_constellaration_nfp=3/D22RYC5Z58coDhr9Wc6PXqz/D_thin_dipole_i2.npy
    i=3  fB_target=0.02546  (89.6 s)
      f_B=2.021  fin_f=0.0000  niter=10
    -> saved /scratch/lct9592/output_constellaration_nfp=3/D22RYC5Z58coDhr9Wc6PXqz/D_thin_dipole_i3.npy
    i=4  fB_target=0.04527  (90.8 s)
      f_B=2.021  fin_f=0.0000  niter=10
    -> saved /scratch/lct9592/output_constellaration_nfp=3/D22RYC5Z58coDhr9Wc6PXqz/D_thin_dipole_i4.npy

  [E_low_force_dipole]  objective=f_l2_force_cyl
    i=0  fB_target=0.004527  
      FAILED: 'f_l2_force_cyl' not found in quadcoil.quantity.
    i=1  fB_target=0.00805  
      FAILED: 'f_l2_force_cyl' not found in quadcoil.quantity.
    i=2  fB_target=0.01431  
      FAILED: 'f_l2_force_cyl' not found in quadcoil.quantity.
    i=3  fB_target=0.02546  
      FAILED: 'f_l2_force_cyl' not found in quadcoil.quantity.
    i=4  fB_target=0.04527  
      FAILED: 'f_l2_force_cyl' not found in quadcoil.quantity.

  [F_low_max_force_dipole]  objective=f_max_force_cyl
    i=0  fB_target=0.004527  (2432.3 s (JIT compile + run))
      f_B=1.771e+11  fin_f=8485406084.4695  niter=2
    -> saved /scratch/lct9592/output_constellaration_nfp=3/D22RYC5Z58coDhr9Wc6PXqz/F_low_max_force_dipole_i0.npy
    i=1  fB_target=0.00805  