Job ID: 7676989
Start time: Thu Apr 30 23:03:39 EDT 2026
Found 1 config(s) to process.

============================================================
Config 1/1: D22RYC5Z58coDhr9Wc6PXqz
============================================================
  [A] cached
      f_B = 0.00452678
      K_theta_avg = 7.976e+06  -> K_theta >= 0
  [B] cached
      f_B = 0.468717
  fB_A=0.004527  fB_B=0.4687

  [C_sparse_dipole]  objective=f_l1_Phi
    i=0: cached, skipping.
    i=1: cached, skipping.
    i=2: cached, skipping.
    i=3: cached, skipping.
    i=4: cached, skipping.

  [D_thin_dipole]  objective=f_max_Phi
    i=0: cached, skipping.
    i=1: cached, skipping.
    i=2: cached, skipping.
    i=3: cached, skipping.
    i=4: cached, skipping.

  [F_low_max_force_dipole]  objective=f_max_force_cyl
    i=0: cached, skipping.
    i=1  fB_target=0.00805  